Arguments: 
  /root/.nvm/versions/node/v16.15.1/bin/node /root/.nvm/versions/node/v16.15.1/bin/yarn add @types/js-ipfs

PATH: 
  /root/.vscode-server/bin/30d9c6cd9483b2cc586687151bcbcd635f373630/bin/remote-cli:/root/.nvm/versions/node/v16.15.1/bin:/usr/local/sbin:/usr/local/bin:/usr/sbin:/usr/bin:/sbin:/bin:/usr/games:/usr/local/games:/usr/lib/wsl/lib:/mnt/c/WINDOWS/system32:/mnt/c/WINDOWS:/mnt/c/WINDOWS/System32/Wbem:/mnt/c/WINDOWS/System32/WindowsPowerShell/v1.0/:/mnt/c/ProgramData/chocolatey/bin:/mnt/c/Program Files/1E/NomadBranch/:/mnt/c/Program Files/dotnet/:/mnt/c/Program Files/MATLAB/R2022a/runtime/win64:/mnt/c/Program Files/MATLAB/R2022a/bin:/mnt/c/Program Files/Git/cmd:/mnt/c/Program Files/Neovim/bin:/mnt/c/Users/H501909/AppData/Roaming/nvm:/mnt/c/Program Files/nodejs:/mnt/c/Users/H501909/AppData/Local/Programs/Python/Python310/Scripts/:/mnt/c/Users/H501909/AppData/Local/Programs/Python/Python310/:/mnt/c/Users/H501909/AppData/Local/Microsoft/WindowsApps:/mnt/c/Users/H501909/AppData/Local/Programs/Microsoft VS Code/bin:/mnt/c/Users/H501909/AppData/Roaming/nvm:/mnt/c/Program Files/nodejs:/snap/bin

Yarn version: 
  1.22.19

Node version: 
  16.15.1

Platform: 
  linux x64

Trace: 
  Error: https://registry.yarnpkg.com/@types%2fjs-ipfs: Not found
      at Request.params.callback [as _callback] (/root/.nvm/versions/node/v16.15.1/lib/node_modules/yarn/lib/cli.js:66145:18)
      at Request.self.callback (/root/.nvm/versions/node/v16.15.1/lib/node_modules/yarn/lib/cli.js:140890:22)
      at Request.emit (node:events:527:28)
      at Request.<anonymous> (/root/.nvm/versions/node/v16.15.1/lib/node_modules/yarn/lib/cli.js:141862:10)
      at Request.emit (node:events:527:28)
      at IncomingMessage.<anonymous> (/root/.nvm/versions/node/v16.15.1/lib/node_modules/yarn/lib/cli.js:141784:12)
      at Object.onceWrapper (node:events:641:28)
      at IncomingMessage.emit (node:events:539:35)
      at endReadableNT (node:internal/streams/readable:1345:12)
      at processTicksAndRejections (node:internal/process/task_queues:83:21)

npm manifest: 
  {
    "name": "task1",
    "version": "1.0.0",
    "main": "index.js",
    "license": "MIT",
    "dependencies": {
      "@types/node": "^18.0.1",
      "js-ipfs": "^0.0.301",
      "typescript": "^4.7.4"
    },
    "devDependencies": {}
  }

yarn manifest: 
  No manifest

Lockfile: 
  # THIS IS AN AUTOGENERATED FILE. DO NOT EDIT THIS FILE DIRECTLY.
  # yarn lockfile v1
  
  
  "@types/node@^18.0.1":
    version "18.0.1"
    resolved "https://registry.yarnpkg.com/@types/node/-/node-18.0.1.tgz#e91bd73239b338557a84d1f67f7b9e0f25643870"
    integrity sha512-CmR8+Tsy95hhwtZBKJBs0/FFq4XX7sDZHlGGf+0q+BRZfMbOTkzkj0AFAuTyXbObDIoanaBBW0+KEW+m3N16Wg==
  
  js-ipfs@^0.0.301:
    version "0.0.301"
    resolved "https://registry.yarnpkg.com/js-ipfs/-/js-ipfs-0.0.301.tgz#446dc80e8cd06cfc10b98825720e8eeee6efebcd"
    integrity sha512-0MJ+ZuNaNF9Kf73Z5zKpNAvpkNij9bsk0h5E/ovSrxu8M12rBD19vbrMnO9uQtSQ1qIRZLtQRzWa82/AXGranw==
  
  typescript@^4.7.4:
    version "4.7.4"
    resolved "https://registry.yarnpkg.com/typescript/-/typescript-4.7.4.tgz#1a88596d1cf47d59507a1bcdfb5b9dfe4d488235"
    integrity sha512-C0WQT0gezHuw6AdY1M2jxUO83Rjf0HP7Sk1DtXj6j1EwkQNZrHAg2XPWlq62oqEhYvONq5pkC2Y9oPljWToLmQ==
